<?xml version="1.0" encoding="UTF-8"?>
<!-- Generated by org.testng.reporters.JUnitReportReporter -->
<testsuite hostname="HDC3-D-426QWJF" name="com.wr.automation.rewards.MyAccount" tests="1" failures="0" timestamp="11 Jan 2018 06:15:38 GMT" time="26.293" errors="0">
  <testcase name="MyAccount" time="26.293" classname="com.wr.automation.rewards.MyAccount"/>
</testsuite> <!-- com.wr.automation.rewards.MyAccount -->
