<?xml version="1.0" encoding="UTF-8"?>
<!-- Generated by org.testng.reporters.JUnitReportReporter -->
<testsuite hostname="HDC3-D-426QWJF" name="com.wr.automation.rewards.MemberLevels" tests="1" failures="0" timestamp="31 Jan 2018 15:23:21 GMT" time="49.943" errors="0">
  <testcase name="memberLevelComponentsValidation" time="49.943" classname="com.wr.automation.rewards.MemberLevels"/>
</testsuite> <!-- com.wr.automation.rewards.MemberLevels -->
