<?xml version="1.0" encoding="UTF-8"?>
<!-- Generated by org.testng.reporters.JUnitReportReporter -->
<testsuite hostname="HDC3-D-426QWJF" name="com.wr.automation.rewards.HowItWork" tests="1" failures="0" timestamp="31 Jan 2018 15:23:21 GMT" time="11.300" errors="0">
  <testcase name="howItWork" time="11.300" classname="com.wr.automation.rewards.HowItWork"/>
</testsuite> <!-- com.wr.automation.rewards.HowItWork -->
