<?xml version="1.0" encoding="UTF-8"?>
<!-- Generated by org.testng.reporters.JUnitReportReporter -->
<testsuite hostname="HDC3-D-426QWJF" name="com.wyn.automaton.workflows.LoginFunctionality" tests="1" failures="0" timestamp="29 Jan 2018 06:52:18 GMT" time="48.846" errors="0">
  <testcase name="loginFunctionality" time="48.846" classname="com.wyn.automaton.workflows.LoginFunctionality"/>
</testsuite> <!-- com.wyn.automaton.workflows.LoginFunctionality -->
