<?xml version="1.0" encoding="UTF-8"?>
<!-- Generated by org.testng.reporters.JUnitReportReporter -->
<testsuite hostname="HDC3-D-426QWJF" name="com.wyn.automaton.workflows.ContactUsForm" tests="1" failures="0" timestamp="31 Jan 2018 15:23:22 GMT" time="2456.389" errors="0">
  <testcase name="ContactUs" time="2456.389" classname="com.wyn.automaton.workflows.ContactUsForm"/>
</testsuite> <!-- com.wyn.automaton.workflows.ContactUsForm -->
