<?xml version="1.0" encoding="UTF-8"?>
<!-- Generated by org.testng.reporters.JUnitReportReporter -->
<testsuite hostname="HDC3-D-426QWJF" name="com.wyn.automaton.workflows.OurLocations" tests="1" failures="0" timestamp="24 Jan 2018 06:06:38 GMT" time="55.483" errors="0">
  <testcase name="ourLocations" time="55.483" classname="com.wyn.automaton.workflows.OurLocations"/>
</testsuite> <!-- com.wyn.automaton.workflows.OurLocations -->
