<?xml version="1.0" encoding="UTF-8"?>
<!-- Generated by org.testng.reporters.JUnitReportReporter -->
<testsuite hostname="HDC3-D-426QWJF" name="com.wyn.automaton.workflows.RetrieveReservation" tests="1" failures="0" timestamp="31 Jan 2018 15:23:21 GMT" time="876.754" errors="0">
  <testcase name="retrieveReservation" time="876.754" classname="com.wyn.automaton.workflows.RetrieveReservation"/>
</testsuite> <!-- com.wyn.automaton.workflows.RetrieveReservation -->
